2021-10-26 16:01:33 INFO Loading train data: boston-train.csv
2021-10-26 16:01:33 INFO Start cross validation
2021-10-26 16:01:33 INFO Current fold 1
2021-10-26 16:01:33 INFO Epoch: 0, MAE=17,64
2021-10-26 16:01:33 INFO Epoch: 50, MAE=3,61
2021-10-26 16:01:33 INFO Epoch: 100, MAE=3,50
2021-10-26 16:01:33 INFO Epoch: 150, MAE=3,44
2021-10-26 16:01:33 INFO Epoch: 200, MAE=3,40
2021-10-26 16:01:33 INFO MAE train: 3,07 on fold 1
2021-10-26 16:01:33 INFO Current fold 2
2021-10-26 16:01:33 INFO Epoch: 0, MAE=18,92
2021-10-26 16:01:33 INFO Epoch: 50, MAE=6,05
2021-10-26 16:01:33 INFO Epoch: 100, MAE=5,36
2021-10-26 16:01:33 INFO Epoch: 150, MAE=4,89
2021-10-26 16:01:33 INFO Epoch: 200, MAE=4,58
2021-10-26 16:01:33 INFO MAE train: 4,23 on fold 2
2021-10-26 16:01:33 INFO Current fold 3
2021-10-26 16:01:33 INFO Epoch: 0, MAE=18,28
2021-10-26 16:01:33 INFO Epoch: 50, MAE=5,65
2021-10-26 16:01:33 INFO Epoch: 100, MAE=5,34
2021-10-26 16:01:33 INFO Epoch: 150, MAE=5,14
2021-10-26 16:01:33 INFO Epoch: 200, MAE=5,00
2021-10-26 16:01:33 INFO MAE train: 4,50 on fold 3
2021-10-26 16:01:33 INFO End cross validation
2021-10-26 16:01:33 INFO Loading validation data: boston-test.csv
2021-10-26 16:01:33 INFO Scaling data
2021-10-26 16:01:33 INFO Start training
2021-10-26 16:01:33 INFO Epoch: 0, MAE=23,26
2021-10-26 16:01:33 INFO Epoch: 50, MAE=4,59
2021-10-26 16:01:33 INFO Epoch: 100, MAE=3,49
2021-10-26 16:01:33 INFO Epoch: 150, MAE=3,46
2021-10-26 16:01:33 INFO Epoch: 200, MAE=3,44
2021-10-26 16:01:33 INFO Epoch: 250, MAE=3,42
2021-10-26 16:01:33 INFO MAE train: 3,42
2021-10-26 16:01:33 INFO MAE test: 5,10
